  Jogador.cpp
C:\Users\hapme\OneDrive\Documentos\Dev\JumpKing1\JumpKing1\ECS\Entidade\Personagem\Jogador\Jogador.cpp(30,82): warning C4244: 'argumento': conversão de 'float' para 'int', possível perda de dados
C:\Users\hapme\OneDrive\Documentos\Dev\JumpKing1\JumpKing1\ECS\Entidade\Personagem\Jogador\Jogador.cpp(30,60): warning C4244: 'argumento': conversão de 'float' para 'int', possível perda de dados
C:\Users\hapme\OneDrive\Documentos\Dev\JumpKing1\JumpKing1\ECS\Entidade\Personagem\Jogador\Jogador.cpp(35,85): warning C4244: 'argumento': conversão de 'float' para 'int', possível perda de dados
C:\Users\hapme\OneDrive\Documentos\Dev\JumpKing1\JumpKing1\ECS\Entidade\Personagem\Jogador\Jogador.cpp(35,63): warning C4244: 'argumento': conversão de 'float' para 'int', possível perda de dados
C:\Users\hapme\OneDrive\Documentos\Dev\JumpKing1\JumpKing1\ECS\Entidade\Personagem\Jogador\Jogador.cpp(41,69): warning C4244: '=': conversão de 'int' para 'float', possível perda de dados
C:\Users\hapme\OneDrive\Documentos\Dev\JumpKing1\JumpKing1\ECS\Entidade\Personagem\Jogador\Jogador.cpp(42,73): warning C4244: '=': conversão de 'const int' para 'float', possível perda de dados
  GerenciadorDeCamera.cpp
C:\Users\hapme\OneDrive\Documentos\Dev\JumpKing1\JumpKing1\ECS\Gerenciador\GerenciadorDeCamera.cpp(54,55): warning C4244: '=': conversão de 'double' para 'int', possível perda de dados
C:\Users\hapme\OneDrive\Documentos\Dev\JumpKing1\JumpKing1\ECS\Gerenciador\GerenciadorDeCamera.cpp(55,55): warning C4244: '=': conversão de 'double' para 'int', possível perda de dados
C:\Users\hapme\OneDrive\Documentos\Dev\JumpKing1\JumpKing1\ECS\Gerenciador\GerenciadorDeCamera.cpp(61,45): warning C4244: '=': conversão de 'float' para 'int', possível perda de dados
C:\Users\hapme\OneDrive\Documentos\Dev\JumpKing1\JumpKing1\ECS\Gerenciador\GerenciadorDeCamera.cpp(67,45): warning C4244: '=': conversão de 'float' para 'int', possível perda de dados
  GerenciadorDeColisao.cpp
C:\Users\hapme\OneDrive\Documentos\Dev\JumpKing1\JumpKing1\ECS\Gerenciador\GerenciadorDeColisao.cpp(36,34): warning C4305: '+=': truncamento de 'double' para 'float'
C:\Users\hapme\OneDrive\Documentos\Dev\JumpKing1\JumpKing1\ECS\Gerenciador\GerenciadorDeColisao.cpp(41,27): warning C4244: '+=': conversão de 'float' para 'int', possível perda de dados
C:\Users\hapme\OneDrive\Documentos\Dev\JumpKing1\JumpKing1\ECS\Gerenciador\GerenciadorDeColisao.cpp(45,43): warning C4244: '=': conversão de 'int' para 'float', possível perda de dados
C:\Users\hapme\OneDrive\Documentos\Dev\JumpKing1\JumpKing1\ECS\Gerenciador\GerenciadorDeColisao.cpp(48,43): warning C4244: '=': conversão de 'int' para 'float', possível perda de dados
C:\Users\hapme\OneDrive\Documentos\Dev\JumpKing1\JumpKing1\ECS\Gerenciador\GerenciadorDeColisao.cpp(53,27): warning C4244: '+=': conversão de 'float' para 'int', possível perda de dados
C:\Users\hapme\OneDrive\Documentos\Dev\JumpKing1\JumpKing1\ECS\Gerenciador\GerenciadorDeColisao.cpp(56,43): warning C4244: '=': conversão de 'int' para 'float', possível perda de dados
C:\Users\hapme\OneDrive\Documentos\Dev\JumpKing1\JumpKing1\ECS\Gerenciador\GerenciadorDeColisao.cpp(59,43): warning C4244: '=': conversão de 'int' para 'float', possível perda de dados
C:\Users\hapme\OneDrive\Documentos\Dev\JumpKing1\JumpKing1\ECS\Gerenciador\GerenciadorDeColisao.cpp(77,27): warning C4244: '+=': conversão de 'float' para 'int', possível perda de dados
C:\Users\hapme\OneDrive\Documentos\Dev\JumpKing1\JumpKing1\ECS\Gerenciador\GerenciadorDeColisao.cpp(81,46): warning C4244: '=': conversão de 'int' para 'float', possível perda de dados
C:\Users\hapme\OneDrive\Documentos\Dev\JumpKing1\JumpKing1\ECS\Gerenciador\GerenciadorDeColisao.cpp(84,46): warning C4244: '=': conversão de 'int' para 'float', possível perda de dados
C:\Users\hapme\OneDrive\Documentos\Dev\JumpKing1\JumpKing1\ECS\Gerenciador\GerenciadorDeColisao.cpp(89,27): warning C4244: '+=': conversão de 'float' para 'int', possível perda de dados
C:\Users\hapme\OneDrive\Documentos\Dev\JumpKing1\JumpKing1\ECS\Gerenciador\GerenciadorDeColisao.cpp(92,43): warning C4244: '=': conversão de 'int' para 'float', possível perda de dados
C:\Users\hapme\OneDrive\Documentos\Dev\JumpKing1\JumpKing1\ECS\Gerenciador\GerenciadorDeColisao.cpp(95,43): warning C4244: '=': conversão de 'int' para 'float', possível perda de dados
  GerenciadorGrafico.cpp
  Boss_Room.cpp
  Fase.cpp
  Mapa.cpp
C:\Users\hapme\OneDrive\Documentos\Dev\JumpKing1\JumpKing1\Jogo\Fase\Mapa\Mapa.cpp(72,13): warning C4244: '=': conversão de 'int' para 'float', possível perda de dados
C:\Users\hapme\OneDrive\Documentos\Dev\JumpKing1\JumpKing1\Jogo\Fase\Mapa\Mapa.cpp(73,13): warning C4244: '=': conversão de 'int' para 'float', possível perda de dados
  TileMap.cpp
C:\Users\hapme\OneDrive\Documentos\Dev\JumpKing1\JumpKing1\Jogo\Fase\Mapa\TileMap\TileMap.cpp(32,13): warning C4244: '=': conversão de 'int' para 'float', possível perda de dados
C:\Users\hapme\OneDrive\Documentos\Dev\JumpKing1\JumpKing1\Jogo\Fase\Mapa\TileMap\TileMap.cpp(33,13): warning C4244: '=': conversão de 'int' para 'float', possível perda de dados
  Jogo.cpp
  Gerando código
  0 of 618 functions ( 0.0%) were compiled, the rest were copied from previous compilation.
    0 functions were new in current compilation
    0 functions had inline decision re-evaluated but remain unchanged
  Finalizada a geração de código
  JumpKing1.vcxproj -> C:\Users\hapme\OneDrive\Documentos\Dev\JumpKing1\x64\Release\JumpKing1.exe
