c:\users\hapme\onedrive\documentos\dev\jumpking1\jumpking1\x64\release\vc143.pdb
c:\users\hapme\onedrive\documentos\dev\jumpking1\jumpking1\x64\release\hud.obj
c:\users\hapme\onedrive\documentos\dev\jumpking1\jumpking1\x64\release\tilemap.obj
c:\users\hapme\onedrive\documentos\dev\jumpking1\jumpking1\x64\release\mapa.obj
c:\users\hapme\onedrive\documentos\dev\jumpking1\jumpking1\x64\release\fase.obj
c:\users\hapme\onedrive\documentos\dev\jumpking1\jumpking1\x64\release\gerenciadorgrafico.obj
c:\users\hapme\onedrive\documentos\dev\jumpking1\jumpking1\x64\release\gerenciadordecolisao.obj
c:\users\hapme\onedrive\documentos\dev\jumpking1\jumpking1\x64\release\gerenciadordecamera.obj
c:\users\hapme\onedrive\documentos\dev\jumpking1\jumpking1\x64\release\projetil.obj
c:\users\hapme\onedrive\documentos\dev\jumpking1\jumpking1\x64\release\jogador.obj
c:\users\hapme\onedrive\documentos\dev\jumpking1\jumpking1\x64\release\controladordeeventos.obj
c:\users\hapme\onedrive\documentos\dev\jumpking1\jumpking1\x64\release\jogador2.obj
c:\users\hapme\onedrive\documentos\dev\jumpking1\jumpking1\x64\release\controladordeeventos2.obj
c:\users\hapme\onedrive\documentos\dev\jumpking1\jumpking1\x64\release\inimigotipo3.obj
c:\users\hapme\onedrive\documentos\dev\jumpking1\jumpking1\x64\release\inimigotipo2.obj
c:\users\hapme\onedrive\documentos\dev\jumpking1\jumpking1\x64\release\inimigotipo1.obj
c:\users\hapme\onedrive\documentos\dev\jumpking1\jumpking1\x64\release\chefe.obj
c:\users\hapme\onedrive\documentos\dev\jumpking1\jumpking1\x64\release\tile.obj
c:\users\hapme\onedrive\documentos\dev\jumpking1\jumpking1\x64\release\espinhos.obj
c:\users\hapme\onedrive\documentos\dev\jumpking1\jumpking1\x64\release\listadeentidades.obj
c:\users\hapme\onedrive\documentos\dev\jumpking1\jumpking1\x64\release\vector2d.obj
c:\users\hapme\onedrive\documentos\dev\jumpking1\jumpking1\x64\release\settingsmenu.obj
c:\users\hapme\onedrive\documentos\dev\jumpking1\jumpking1\x64\release\pausemenu.obj
c:\users\hapme\onedrive\documentos\dev\jumpking1\jumpking1\x64\release\mainmenu.obj
c:\users\hapme\onedrive\documentos\dev\jumpking1\jumpking1\x64\release\levelmenu.obj
c:\users\hapme\onedrive\documentos\dev\jumpking1\jumpking1\x64\release\leaderboardmenu.obj
c:\users\hapme\onedrive\documentos\dev\jumpking1\jumpking1\x64\release\botao.obj
c:\users\hapme\onedrive\documentos\dev\jumpking1\jumpking1\x64\release\main.obj
c:\users\hapme\onedrive\documentos\dev\jumpking1\jumpking1\x64\release\jogo.obj
c:\users\hapme\onedrive\documentos\dev\jumpking1\jumpking1\x64\release\boss_room.obj
c:\users\hapme\onedrive\documentos\dev\jumpking1\x64\release\jumpking1.exe
c:\users\hapme\onedrive\documentos\dev\jumpking1\jumpking1\x64\release\jumpking1.ipdb
c:\users\hapme\onedrive\documentos\dev\jumpking1\x64\release\jumpking1.pdb
c:\users\hapme\onedrive\documentos\dev\jumpking1\jumpking1\x64\release\jumpking1.iobj
c:\users\hapme\onedrive\documentos\dev\jumpking1\jumpking1\x64\release\jumpking1.tlog\cl.command.1.tlog
c:\users\hapme\onedrive\documentos\dev\jumpking1\jumpking1\x64\release\jumpking1.tlog\cl.read.1.tlog
c:\users\hapme\onedrive\documentos\dev\jumpking1\jumpking1\x64\release\jumpking1.tlog\cl.write.1.tlog
c:\users\hapme\onedrive\documentos\dev\jumpking1\jumpking1\x64\release\jumpking1.tlog\link.command.1.tlog
c:\users\hapme\onedrive\documentos\dev\jumpking1\jumpking1\x64\release\jumpking1.tlog\link.read.1.tlog
c:\users\hapme\onedrive\documentos\dev\jumpking1\jumpking1\x64\release\jumpking1.tlog\link.write.1.tlog
