  ListaDeEntidades.cpp
  Espinhos.cpp
  Tile.cpp
  Chefe.cpp
  InimigoTipo1.cpp
C:\Users\Rafael\Desktop\Codigos\Jogo Tec Prog\JumpKing1\JumpKing1\ECS\Entidade\Personagem\Inimigo\InimigoTipo1\InimigoTipo1.cpp(22,113): warning C4244: 'argument': conversion from 'double' to 'int', possible loss of data
C:\Users\Rafael\Desktop\Codigos\Jogo Tec Prog\JumpKing1\JumpKing1\ECS\Entidade\Personagem\Inimigo\InimigoTipo1\InimigoTipo1.cpp(22,95): warning C4244: 'argument': conversion from 'double' to 'int', possible loss of data
C:\Users\Rafael\Desktop\Codigos\Jogo Tec Prog\JumpKing1\JumpKing1\ECS\Entidade\Personagem\Inimigo\InimigoTipo1\InimigoTipo1.cpp(22,82): warning C4244: 'argument': conversion from 'float' to 'int', possible loss of data
C:\Users\Rafael\Desktop\Codigos\Jogo Tec Prog\JumpKing1\JumpKing1\ECS\Entidade\Personagem\Inimigo\InimigoTipo1\InimigoTipo1.cpp(22,60): warning C4244: 'argument': conversion from 'float' to 'int', possible loss of data
C:\Users\Rafael\Desktop\Codigos\Jogo Tec Prog\JumpKing1\JumpKing1\ECS\Entidade\Personagem\Inimigo\InimigoTipo1\InimigoTipo1.cpp(29,85): warning C4244: 'argument': conversion from 'float' to 'int', possible loss of data
C:\Users\Rafael\Desktop\Codigos\Jogo Tec Prog\JumpKing1\JumpKing1\ECS\Entidade\Personagem\Inimigo\InimigoTipo1\InimigoTipo1.cpp(29,63): warning C4244: 'argument': conversion from 'float' to 'int', possible loss of data
C:\Users\Rafael\Desktop\Codigos\Jogo Tec Prog\JumpKing1\JumpKing1\ECS\Entidade\Personagem\Inimigo\InimigoTipo1\InimigoTipo1.cpp(36,38): warning C4838: conversion from 'double' to 'int' requires a narrowing conversion
C:\Users\Rafael\Desktop\Codigos\Jogo Tec Prog\JumpKing1\JumpKing1\ECS\Entidade\Personagem\Inimigo\InimigoTipo1\InimigoTipo1.cpp(36,38): warning C4244: 'initializing': conversion from 'double' to 'int', possible loss of data
C:\Users\Rafael\Desktop\Codigos\Jogo Tec Prog\JumpKing1\JumpKing1\ECS\Entidade\Personagem\Inimigo\InimigoTipo1\InimigoTipo1.cpp(36,56): warning C4838: conversion from 'double' to 'int' requires a narrowing conversion
C:\Users\Rafael\Desktop\Codigos\Jogo Tec Prog\JumpKing1\JumpKing1\ECS\Entidade\Personagem\Inimigo\InimigoTipo1\InimigoTipo1.cpp(36,56): warning C4244: 'initializing': conversion from 'double' to 'int', possible loss of data
  InimigoTipo2.cpp
  InimigoTipo3.cpp
  Jogador2.cpp
  ControladorDeEventos.cpp
  Jogador.cpp
C:\Users\Rafael\Desktop\Codigos\Jogo Tec Prog\JumpKing1\JumpKing1\ECS\Entidade\Personagem\Jogador\Jogador.cpp(30,82): warning C4244: 'argument': conversion from 'float' to 'int', possible loss of data
C:\Users\Rafael\Desktop\Codigos\Jogo Tec Prog\JumpKing1\JumpKing1\ECS\Entidade\Personagem\Jogador\Jogador.cpp(30,60): warning C4244: 'argument': conversion from 'float' to 'int', possible loss of data
C:\Users\Rafael\Desktop\Codigos\Jogo Tec Prog\JumpKing1\JumpKing1\ECS\Entidade\Personagem\Jogador\Jogador.cpp(35,85): warning C4244: 'argument': conversion from 'float' to 'int', possible loss of data
C:\Users\Rafael\Desktop\Codigos\Jogo Tec Prog\JumpKing1\JumpKing1\ECS\Entidade\Personagem\Jogador\Jogador.cpp(35,63): warning C4244: 'argument': conversion from 'float' to 'int', possible loss of data
C:\Users\Rafael\Desktop\Codigos\Jogo Tec Prog\JumpKing1\JumpKing1\ECS\Entidade\Personagem\Jogador\Jogador.cpp(41,69): warning C4244: '=': conversion from 'int' to 'float', possible loss of data
C:\Users\Rafael\Desktop\Codigos\Jogo Tec Prog\JumpKing1\JumpKing1\ECS\Entidade\Personagem\Jogador\Jogador.cpp(42,73): warning C4244: '=': conversion from 'const int' to 'float', possible loss of data
  GerenciadorDeCamera.cpp
C:\Users\Rafael\Desktop\Codigos\Jogo Tec Prog\JumpKing1\JumpKing1\ECS\Gerenciador\GerenciadorDeCamera.cpp(54,55): warning C4244: '=': conversion from 'double' to 'int', possible loss of data
C:\Users\Rafael\Desktop\Codigos\Jogo Tec Prog\JumpKing1\JumpKing1\ECS\Gerenciador\GerenciadorDeCamera.cpp(55,55): warning C4244: '=': conversion from 'double' to 'int', possible loss of data
C:\Users\Rafael\Desktop\Codigos\Jogo Tec Prog\JumpKing1\JumpKing1\ECS\Gerenciador\GerenciadorDeCamera.cpp(61,45): warning C4244: '=': conversion from 'float' to 'int', possible loss of data
C:\Users\Rafael\Desktop\Codigos\Jogo Tec Prog\JumpKing1\JumpKing1\ECS\Gerenciador\GerenciadorDeCamera.cpp(67,45): warning C4244: '=': conversion from 'float' to 'int', possible loss of data
  GerenciadorDeColisao.cpp
C:\Users\Rafael\Desktop\Codigos\Jogo Tec Prog\JumpKing1\JumpKing1\ECS\Gerenciador\GerenciadorDeColisao.cpp(34,34): warning C4305: '+=': truncation from 'double' to 'float'
C:\Users\Rafael\Desktop\Codigos\Jogo Tec Prog\JumpKing1\JumpKing1\ECS\Gerenciador\GerenciadorDeColisao.cpp(39,27): warning C4244: '+=': conversion from 'float' to 'int', possible loss of data
C:\Users\Rafael\Desktop\Codigos\Jogo Tec Prog\JumpKing1\JumpKing1\ECS\Gerenciador\GerenciadorDeColisao.cpp(43,43): warning C4244: '=': conversion from 'int' to 'float', possible loss of data
C:\Users\Rafael\Desktop\Codigos\Jogo Tec Prog\JumpKing1\JumpKing1\ECS\Gerenciador\GerenciadorDeColisao.cpp(46,43): warning C4244: '=': conversion from 'int' to 'float', possible loss of data
C:\Users\Rafael\Desktop\Codigos\Jogo Tec Prog\JumpKing1\JumpKing1\ECS\Gerenciador\GerenciadorDeColisao.cpp(51,27): warning C4244: '+=': conversion from 'float' to 'int', possible loss of data
C:\Users\Rafael\Desktop\Codigos\Jogo Tec Prog\JumpKing1\JumpKing1\ECS\Gerenciador\GerenciadorDeColisao.cpp(54,43): warning C4244: '=': conversion from 'int' to 'float', possible loss of data
C:\Users\Rafael\Desktop\Codigos\Jogo Tec Prog\JumpKing1\JumpKing1\ECS\Gerenciador\GerenciadorDeColisao.cpp(57,43): warning C4244: '=': conversion from 'int' to 'float', possible loss of data
C:\Users\Rafael\Desktop\Codigos\Jogo Tec Prog\JumpKing1\JumpKing1\ECS\Gerenciador\GerenciadorDeColisao.cpp(75,27): warning C4244: '+=': conversion from 'float' to 'int', possible loss of data
C:\Users\Rafael\Desktop\Codigos\Jogo Tec Prog\JumpKing1\JumpKing1\ECS\Gerenciador\GerenciadorDeColisao.cpp(79,46): warning C4244: '=': conversion from 'int' to 'float', possible loss of data
C:\Users\Rafael\Desktop\Codigos\Jogo Tec Prog\JumpKing1\JumpKing1\ECS\Gerenciador\GerenciadorDeColisao.cpp(82,46): warning C4244: '=': conversion from 'int' to 'float', possible loss of data
C:\Users\Rafael\Desktop\Codigos\Jogo Tec Prog\JumpKing1\JumpKing1\ECS\Gerenciador\GerenciadorDeColisao.cpp(86,27): warning C4244: '+=': conversion from 'float' to 'int', possible loss of data
C:\Users\Rafael\Desktop\Codigos\Jogo Tec Prog\JumpKing1\JumpKing1\ECS\Gerenciador\GerenciadorDeColisao.cpp(89,43): warning C4244: '=': conversion from 'int' to 'float', possible loss of data
C:\Users\Rafael\Desktop\Codigos\Jogo Tec Prog\JumpKing1\JumpKing1\ECS\Gerenciador\GerenciadorDeColisao.cpp(92,43): warning C4244: '=': conversion from 'int' to 'float', possible loss of data
  GerenciadorGrafico.cpp
  Boss_Room.cpp
  Fase.cpp
  Mapa.cpp
C:\Users\Rafael\Desktop\Codigos\Jogo Tec Prog\JumpKing1\JumpKing1\Jogo\Fase\Mapa\Mapa.cpp(87,13): warning C4244: '=': conversion from 'int' to 'float', possible loss of data
C:\Users\Rafael\Desktop\Codigos\Jogo Tec Prog\JumpKing1\JumpKing1\Jogo\Fase\Mapa\Mapa.cpp(88,13): warning C4244: '=': conversion from 'int' to 'float', possible loss of data
  TileMap.cpp
C:\Users\Rafael\Desktop\Codigos\Jogo Tec Prog\JumpKing1\JumpKing1\Jogo\Fase\Mapa\TileMap\TileMap.cpp(31,13): warning C4244: '=': conversion from 'int' to 'float', possible loss of data
C:\Users\Rafael\Desktop\Codigos\Jogo Tec Prog\JumpKing1\JumpKing1\Jogo\Fase\Mapa\TileMap\TileMap.cpp(32,13): warning C4244: '=': conversion from 'int' to 'float', possible loss of data
  Jogo.cpp
  Botao.cpp
C:\Users\Rafael\Desktop\Codigos\Jogo Tec Prog\JumpKing1\JumpKing1\Menu\Botao\Botao.cpp(59,8): warning C4244: '=': conversion from 'int' to 'float', possible loss of data
C:\Users\Rafael\Desktop\Codigos\Jogo Tec Prog\JumpKing1\JumpKing1\Menu\Botao\Botao.cpp(60,8): warning C4244: '=': conversion from 'int' to 'float', possible loss of data
  LeaderboardMenu.cpp
C:\Users\Rafael\Desktop\Codigos\Jogo Tec Prog\JumpKing1\JumpKing1\Menu\LeaderboardMenu\LeaderboardMenu.cpp(17,27): warning C4244: 'argument': conversion from 'double' to 'int', possible loss of data
C:\Users\Rafael\Desktop\Codigos\Jogo Tec Prog\JumpKing1\JumpKing1\Menu\LeaderboardMenu\LeaderboardMenu.cpp(17,15): warning C4244: 'argument': conversion from 'double' to 'int', possible loss of data
C:\Users\Rafael\Desktop\Codigos\Jogo Tec Prog\JumpKing1\JumpKing1\Menu\LeaderboardMenu\LeaderboardMenu.cpp(35,67): warning C4838: conversion from 'float' to 'int' requires a narrowing conversion
C:\Users\Rafael\Desktop\Codigos\Jogo Tec Prog\JumpKing1\JumpKing1\Menu\LeaderboardMenu\LeaderboardMenu.cpp(35,67): warning C4244: 'initializing': conversion from 'float' to 'int', possible loss of data
C:\Users\Rafael\Desktop\Codigos\Jogo Tec Prog\JumpKing1\JumpKing1\Menu\LeaderboardMenu\LeaderboardMenu.cpp(35,110): warning C4838: conversion from 'float' to 'int' requires a narrowing conversion
C:\Users\Rafael\Desktop\Codigos\Jogo Tec Prog\JumpKing1\JumpKing1\Menu\LeaderboardMenu\LeaderboardMenu.cpp(35,110): warning C4244: 'initializing': conversion from 'float' to 'int', possible loss of data
  Generating Code...
  Compiling...
  LevelMenu.cpp
C:\Users\Rafael\Desktop\Codigos\Jogo Tec Prog\JumpKing1\JumpKing1\Menu\LevelMenu\LevelMenu.cpp(17,27): warning C4244: 'argument': conversion from 'double' to 'int', possible loss of data
C:\Users\Rafael\Desktop\Codigos\Jogo Tec Prog\JumpKing1\JumpKing1\Menu\LevelMenu\LevelMenu.cpp(17,15): warning C4244: 'argument': conversion from 'double' to 'int', possible loss of data
C:\Users\Rafael\Desktop\Codigos\Jogo Tec Prog\JumpKing1\JumpKing1\Menu\LevelMenu\LevelMenu.cpp(20,32): warning C4244: 'argument': conversion from 'double' to 'int', possible loss of data
C:\Users\Rafael\Desktop\Codigos\Jogo Tec Prog\JumpKing1\JumpKing1\Menu\LevelMenu\LevelMenu.cpp(20,18): warning C4244: 'argument': conversion from 'double' to 'int', possible loss of data
C:\Users\Rafael\Desktop\Codigos\Jogo Tec Prog\JumpKing1\JumpKing1\Menu\LevelMenu\LevelMenu.cpp(23,32): warning C4244: 'argument': conversion from 'double' to 'int', possible loss of data
C:\Users\Rafael\Desktop\Codigos\Jogo Tec Prog\JumpKing1\JumpKing1\Menu\LevelMenu\LevelMenu.cpp(23,18): warning C4244: 'argument': conversion from 'double' to 'int', possible loss of data
C:\Users\Rafael\Desktop\Codigos\Jogo Tec Prog\JumpKing1\JumpKing1\Menu\LevelMenu\LevelMenu.cpp(50,67): warning C4838: conversion from 'float' to 'int' requires a narrowing conversion
C:\Users\Rafael\Desktop\Codigos\Jogo Tec Prog\JumpKing1\JumpKing1\Menu\LevelMenu\LevelMenu.cpp(50,67): warning C4244: 'initializing': conversion from 'float' to 'int', possible loss of data
C:\Users\Rafael\Desktop\Codigos\Jogo Tec Prog\JumpKing1\JumpKing1\Menu\LevelMenu\LevelMenu.cpp(50,110): warning C4838: conversion from 'float' to 'int' requires a narrowing conversion
C:\Users\Rafael\Desktop\Codigos\Jogo Tec Prog\JumpKing1\JumpKing1\Menu\LevelMenu\LevelMenu.cpp(50,110): warning C4244: 'initializing': conversion from 'float' to 'int', possible loss of data
  MainMenu.cpp
C:\Users\Rafael\Desktop\Codigos\Jogo Tec Prog\JumpKing1\JumpKing1\Menu\MainMenu\MainMenu.cpp(17,29): warning C4244: 'argument': conversion from 'double' to 'int', possible loss of data
C:\Users\Rafael\Desktop\Codigos\Jogo Tec Prog\JumpKing1\JumpKing1\Menu\MainMenu\MainMenu.cpp(17,17): warning C4244: 'argument': conversion from 'double' to 'int', possible loss of data
C:\Users\Rafael\Desktop\Codigos\Jogo Tec Prog\JumpKing1\JumpKing1\Menu\MainMenu\MainMenu.cpp(20,32): warning C4244: 'argument': conversion from 'double' to 'int', possible loss of data
C:\Users\Rafael\Desktop\Codigos\Jogo Tec Prog\JumpKing1\JumpKing1\Menu\MainMenu\MainMenu.cpp(20,20): warning C4244: 'argument': conversion from 'double' to 'int', possible loss of data
C:\Users\Rafael\Desktop\Codigos\Jogo Tec Prog\JumpKing1\JumpKing1\Menu\MainMenu\MainMenu.cpp(23,35): warning C4244: 'argument': conversion from 'double' to 'int', possible loss of data
C:\Users\Rafael\Desktop\Codigos\Jogo Tec Prog\JumpKing1\JumpKing1\Menu\MainMenu\MainMenu.cpp(23,23): warning C4244: 'argument': conversion from 'double' to 'int', possible loss of data
C:\Users\Rafael\Desktop\Codigos\Jogo Tec Prog\JumpKing1\JumpKing1\Menu\MainMenu\MainMenu.cpp(26,27): warning C4244: 'argument': conversion from 'double' to 'int', possible loss of data
C:\Users\Rafael\Desktop\Codigos\Jogo Tec Prog\JumpKing1\JumpKing1\Menu\MainMenu\MainMenu.cpp(26,15): warning C4244: 'argument': conversion from 'double' to 'int', possible loss of data
C:\Users\Rafael\Desktop\Codigos\Jogo Tec Prog\JumpKing1\JumpKing1\Menu\MainMenu\MainMenu.cpp(58,67): warning C4838: conversion from 'float' to 'int' requires a narrowing conversion
C:\Users\Rafael\Desktop\Codigos\Jogo Tec Prog\JumpKing1\JumpKing1\Menu\MainMenu\MainMenu.cpp(58,67): warning C4244: 'initializing': conversion from 'float' to 'int', possible loss of data
C:\Users\Rafael\Desktop\Codigos\Jogo Tec Prog\JumpKing1\JumpKing1\Menu\MainMenu\MainMenu.cpp(58,110): warning C4838: conversion from 'float' to 'int' requires a narrowing conversion
C:\Users\Rafael\Desktop\Codigos\Jogo Tec Prog\JumpKing1\JumpKing1\Menu\MainMenu\MainMenu.cpp(58,110): warning C4244: 'initializing': conversion from 'float' to 'int', possible loss of data
  PauseMenu.cpp
C:\Users\Rafael\Desktop\Codigos\Jogo Tec Prog\JumpKing1\JumpKing1\Menu\PauseMenu\PauseMenu.cpp(17,27): warning C4244: 'argument': conversion from 'double' to 'int', possible loss of data
C:\Users\Rafael\Desktop\Codigos\Jogo Tec Prog\JumpKing1\JumpKing1\Menu\PauseMenu\PauseMenu.cpp(17,14): warning C4244: 'argument': conversion from 'double' to 'int', possible loss of data
C:\Users\Rafael\Desktop\Codigos\Jogo Tec Prog\JumpKing1\JumpKing1\Menu\PauseMenu\PauseMenu.cpp(20,29): warning C4244: 'argument': conversion from 'double' to 'int', possible loss of data
C:\Users\Rafael\Desktop\Codigos\Jogo Tec Prog\JumpKing1\JumpKing1\Menu\PauseMenu\PauseMenu.cpp(20,17): warning C4244: 'argument': conversion from 'double' to 'int', possible loss of data
C:\Users\Rafael\Desktop\Codigos\Jogo Tec Prog\JumpKing1\JumpKing1\Menu\PauseMenu\PauseMenu.cpp(43,67): warning C4838: conversion from 'float' to 'int' requires a narrowing conversion
C:\Users\Rafael\Desktop\Codigos\Jogo Tec Prog\JumpKing1\JumpKing1\Menu\PauseMenu\PauseMenu.cpp(43,67): warning C4244: 'initializing': conversion from 'float' to 'int', possible loss of data
C:\Users\Rafael\Desktop\Codigos\Jogo Tec Prog\JumpKing1\JumpKing1\Menu\PauseMenu\PauseMenu.cpp(43,110): warning C4838: conversion from 'float' to 'int' requires a narrowing conversion
C:\Users\Rafael\Desktop\Codigos\Jogo Tec Prog\JumpKing1\JumpKing1\Menu\PauseMenu\PauseMenu.cpp(43,110): warning C4244: 'initializing': conversion from 'float' to 'int', possible loss of data
  SettingsMenu.cpp
C:\Users\Rafael\Desktop\Codigos\Jogo Tec Prog\JumpKing1\JumpKing1\Menu\SettingsMenu\SettingsMenu.cpp(16,26): warning C4244: 'argument': conversion from 'double' to 'int', possible loss of data
C:\Users\Rafael\Desktop\Codigos\Jogo Tec Prog\JumpKing1\JumpKing1\Menu\SettingsMenu\SettingsMenu.cpp(16,15): warning C4244: 'argument': conversion from 'double' to 'int', possible loss of data
C:\Users\Rafael\Desktop\Codigos\Jogo Tec Prog\JumpKing1\JumpKing1\Menu\SettingsMenu\SettingsMenu.cpp(35,67): warning C4838: conversion from 'float' to 'int' requires a narrowing conversion
C:\Users\Rafael\Desktop\Codigos\Jogo Tec Prog\JumpKing1\JumpKing1\Menu\SettingsMenu\SettingsMenu.cpp(35,67): warning C4244: 'initializing': conversion from 'float' to 'int', possible loss of data
C:\Users\Rafael\Desktop\Codigos\Jogo Tec Prog\JumpKing1\JumpKing1\Menu\SettingsMenu\SettingsMenu.cpp(35,110): warning C4838: conversion from 'float' to 'int' requires a narrowing conversion
C:\Users\Rafael\Desktop\Codigos\Jogo Tec Prog\JumpKing1\JumpKing1\Menu\SettingsMenu\SettingsMenu.cpp(35,110): warning C4244: 'initializing': conversion from 'float' to 'int', possible loss of data
  main.cpp
  Generating Code...
  JumpKing1.vcxproj -> C:\Users\Rafael\Desktop\Codigos\Jogo Tec Prog\JumpKing1\x64\Debug\JumpKing1.exe
